# JRE version: OpenJDK Runtime Environment (8.0_242-b01) (build 1.8.0_242-release-1644-b01)
# Java VM: OpenJDK 64-Bit Server VM (25.242-b01 mixed mode windows-amd64 compressed oops)
Heap:
 PSYoungGen      total 575488K, used 214607K [0x00000000d5580000, 0x00000000ff980000, 0x0000000100000000)
  eden space 549376K, 34% used [0x00000000d5580000,0x00000000e0db5678,0x00000000f6e00000)
  from space 26112K, 99% used [0x00000000f6e00000,0x00000000f875e728,0x00000000f8780000)
  to   space 70144K, 0% used [0x00000000fb500000,0x00000000fb500000,0x00000000ff980000)
 ParOldGen       total 366080K, used 224952K [0x0000000080000000, 0x0000000096580000, 0x00000000d5580000)
  object space 366080K, 61% used [0x0000000080000000,0x000000008dbae390,0x0000000096580000)
 Metaspace       used 110555K, capacity 116060K, committed 117272K, reserved 1150976K
  class space    used 14025K, capacity 15020K, committed 15408K, reserved 1048576K
GC Heap History (10 events):
Event: 535.979 GC heap before
{Heap before GC invocations=41 (full 4):
 PSYoungGen      total 622080K, used 606136K [0x00000000d5580000, 0x0000000100000000, 0x0000000100000000)
  eden space 553472K, 100% used [0x00000000d5580000,0x00000000f7200000,0x00000000f7200000)
  from space 68608K, 76% used [0x00000000fbd00000,0x00000000ff06e098,0x0000000100000000)
  to   space 72704K, 0% used [0x00000000f7200000,0x00000000f7200000,0x00000000fb900000)
 ParOldGen       total 366080K, used 198001K [0x0000000080000000, 0x0000000096580000, 0x00000000d5580000)
  object space 366080K, 54% used [0x0000000080000000,0x000000008c15c638,0x0000000096580000)
 Metaspace       used 110372K, capacity 115884K, committed 117016K, reserved 1150976K
  class space    used 14015K, capacity 15014K, committed 15408K, reserved 1048576K
Event: 536.029 GC heap after
Heap after GC invocations=41 (full 4):
 PSYoungGen      total 609280K, used 55669K [0x00000000d5580000, 0x0000000100000000, 0x0000000100000000)
  eden space 553472K, 0% used [0x00000000d5580000,0x00000000d5580000,0x00000000f7200000)
  from space 55808K, 99% used [0x00000000f7200000,0x00000000fa85d478,0x00000000fa880000)
  to   space 76800K, 0% used [0x00000000fb500000,0x00000000fb500000,0x0000000100000000)
 ParOldGen       total 366080K, used 203486K [0x0000000080000000, 0x0000000096580000, 0x00000000d5580000)
  object space 366080K, 55% used [0x0000000080000000,0x000000008c6b7b78,0x0000000096580000)
 Metaspace       used 110372K, capacity 115884K, committed 117016K, reserved 1150976K
  class space    used 14015K, capacity 15014K, committed 15408K, reserved 1048576K
}
Event: 537.647 GC heap before
{Heap before GC invocations=42 (full 4):
 PSYoungGen      total 609280K, used 609141K [0x00000000d5580000, 0x0000000100000000, 0x0000000100000000)
  eden space 553472K, 100% used [0x00000000d5580000,0x00000000f7200000,0x00000000f7200000)
  from space 55808K, 99% used [0x00000000f7200000,0x00000000fa85d478,0x00000000fa880000)
  to   space 76800K, 0% used [0x00000000fb500000,0x00000000fb500000,0x0000000100000000)
 ParOldGen       total 366080K, used 203486K [0x0000000080000000, 0x0000000096580000, 0x00000000d5580000)
  object space 366080K, 55% used [0x0000000080000000,0x000000008c6b7b78,0x0000000096580000)
 Metaspace       used 110421K, capacity 115948K, committed 117016K, reserved 1150976K
  class space    used 14015K, capacity 15014K, committed 15408K, reserved 1048576K
Event: 537.738 GC heap after
Heap after GC invocations=42 (full 4):
 PSYoungGen      total 625664K, used 37280K [0x00000000d5580000, 0x0000000100000000, 0x0000000100000000)
  eden space 548864K, 0% used [0x00000000d5580000,0x00000000d5580000,0x00000000f6d80000)
  from space 76800K, 48% used [0x00000000fb500000,0x00000000fd968070,0x0000000100000000)
  to   space 73216K, 0% used [0x00000000f6d80000,0x00000000f6d80000,0x00000000fb500000)
 ParOldGen       total 366080K, used 212958K [0x0000000080000000, 0x0000000096580000, 0x00000000d5580000)
  object space 366080K, 58% used [0x0000000080000000,0x000000008cff7870,0x0000000096580000)
 Metaspace       used 110421K, capacity 115948K, committed 117016K, reserved 1150976K
  class space    used 14015K, capacity 15014K, committed 15408K, reserved 1048576K
}
Event: 540.282 GC heap before
{Heap before GC invocations=43 (full 4):
 PSYoungGen      total 625664K, used 586144K [0x00000000d5580000, 0x0000000100000000, 0x0000000100000000)
  eden space 548864K, 100% used [0x00000000d5580000,0x00000000f6d80000,0x00000000f6d80000)
  from space 76800K, 48% used [0x00000000fb500000,0x00000000fd968070,0x0000000100000000)
  to   space 73216K, 0% used [0x00000000f6d80000,0x00000000f6d80000,0x00000000fb500000)
 ParOldGen       total 366080K, used 212958K [0x0000000080000000, 0x0000000096580000, 0x00000000d5580000)
  object space 366080K, 58% used [0x0000000080000000,0x000000008cff7870,0x0000000096580000)
 Metaspace       used 110454K, capacity 115952K, committed 117016K, reserved 1150976K
  class space    used 14015K, capacity 15014K, committed 15408K, reserved 1048576K
Event: 540.327 GC heap after
Heap after GC invocations=43 (full 4):
 PSYoungGen      total 622080K, used 10621K [0x00000000d5580000, 0x00000000ffd80000, 0x0000000100000000)
  eden space 548864K, 0% used [0x00000000d5580000,0x00000000d5580000,0x00000000f6d80000)
  from space 73216K, 14% used [0x00000000f6d80000,0x00000000f77df720,0x00000000fb500000)
  to   space 73728K, 0% used [0x00000000fb580000,0x00000000fb580000,0x00000000ffd80000)
 ParOldGen       total 366080K, used 224352K [0x0000000080000000, 0x0000000096580000, 0x00000000d5580000)
  object space 366080K, 61% used [0x0000000080000000,0x000000008db18308,0x0000000096580000)
 Metaspace       used 110454K, capacity 115952K, committed 117016K, reserved 1150976K
  class space    used 14015K, capacity 15014K, committed 15408K, reserved 1048576K
}
Event: 541.472 GC heap before
{Heap before GC invocations=44 (full 4):
 PSYoungGen      total 622080K, used 559485K [0x00000000d5580000, 0x00000000ffd80000, 0x0000000100000000)
  eden space 548864K, 100% used [0x00000000d5580000,0x00000000f6d80000,0x00000000f6d80000)
  from space 73216K, 14% used [0x00000000f6d80000,0x00000000f77df720,0x00000000fb500000)
  to   space 73728K, 0% used [0x00000000fb580000,0x00000000fb580000,0x00000000ffd80000)
 ParOldGen       total 366080K, used 224352K [0x0000000080000000, 0x0000000096580000, 0x00000000d5580000)
  object space 366080K, 61% used [0x0000000080000000,0x000000008db18308,0x0000000096580000)
 Metaspace       used 110465K, capacity 115952K, committed 117016K, reserved 1150976K
  class space    used 14015K, capacity 15014K, committed 15408K, reserved 1048576K
Event: 541.492 GC heap after
Heap after GC invocations=44 (full 4):
 PSYoungGen      total 623104K, used 13054K [0x00000000d5580000, 0x00000000fff80000, 0x0000000100000000)
  eden space 549376K, 0% used [0x00000000d5580000,0x00000000d5580000,0x00000000f6e00000)
  from space 73728K, 17% used [0x00000000fb580000,0x00000000fc23fa70,0x00000000ffd80000)
  to   space 73216K, 0% used [0x00000000f6e00000,0x00000000f6e00000,0x00000000fb580000)
 ParOldGen       total 366080K, used 224840K [0x0000000080000000, 0x0000000096580000, 0x00000000d5580000)
  object space 366080K, 61% used [0x0000000080000000,0x000000008db92380,0x0000000096580000)
 Metaspace       used 110465K, capacity 115952K, committed 117016K, reserved 1150976K
  class space    used 14015K, capacity 15014K, committed 15408K, reserved 1048576K
}
Event: 544.964 GC heap before
{Heap before GC invocations=45 (full 4):
 PSYoungGen      total 623104K, used 562430K [0x00000000d5580000, 0x00000000fff80000, 0x0000000100000000)
  eden space 549376K, 100% used [0x00000000d5580000,0x00000000f6e00000,0x00000000f6e00000)
  from space 73728K, 17% used [0x00000000fb580000,0x00000000fc23fa70,0x00000000ffd80000)
  to   space 73216K, 0% used [0x00000000f6e00000,0x00000000f6e00000,0x00000000fb580000)
 ParOldGen       total 366080K, used 224840K [0x0000000080000000, 0x0000000096580000, 0x00000000d5580000)
  object space 366080K, 61% used [0x0000000080000000,0x000000008db92380,0x0000000096580000)
 Metaspace       used 110512K, capacity 115996K, committed 117016K, reserved 1150976K
  class space    used 14020K, capacity 15020K, committed 15408K, reserved 1048576K
Event: 544.988 GC heap after
Heap after GC invocations=45 (full 4):
 PSYoungGen      total 575488K, used 25977K [0x00000000d5580000, 0x00000000ff980000, 0x0000000100000000)
  eden space 549376K, 0% used [0x00000000d5580000,0x00000000d5580000,0x00000000f6e00000)
  from space 26112K, 99% used [0x00000000f6e00000,0x00000000f875e728,0x00000000f8780000)
  to   space 70144K, 0% used [0x00000000fb500000,0x00000000fb500000,0x00000000ff980000)
 ParOldGen       total 366080K, used 224952K [0x0000000080000000, 0x0000000096580000, 0x00000000d5580000)
  object space 366080K, 61% used [0x0000000080000000,0x000000008dbae390,0x0000000096580000)
 Metaspace       used 110512K, capacity 115996K, committed 117016K, reserved 1150976K
  class space    used 14020K, capacity 15020K, committed 15408K, reserved 1048576K
}

